Connecting to database specified by database.yml
NoMethodError: undefined method `to_a' for #<SQLite3::Statement:0xb67928c>:           SELECT name
          FROM sqlite_master
          WHERE type = 'table' AND NOT name = 'sqlite_sequence'
 AND name = "schema_migrations"
Connecting to database specified by database.yml
NoMethodError: undefined method `to_a' for #<SQLite3::Statement:0xa7edf24>:           SELECT name
          FROM sqlite_master
          WHERE type = 'table' AND NOT name = 'sqlite_sequence'
 AND name = "schema_migrations"
Connecting to database specified by database.yml
  [1m[36m (0.1ms)[0m  [1mselect sqlite_version(*)[0m
  [1m[35m (137.1ms)[0m  CREATE TABLE "schema_migrations" ("version" varchar(255) NOT NULL) 
  [1m[36m (0.0ms)[0m  [1mPRAGMA index_list("schema_migrations")[0m
  [1m[35m (127.3ms)[0m  CREATE UNIQUE INDEX "unique_schema_migrations" ON "schema_migrations" ("version")
  [1m[36m (0.1ms)[0m  [1mSELECT "schema_migrations"."version" FROM "schema_migrations" [0m
Migrating to CreateUsers (20120628134304)
  [1m[35m (0.1ms)[0m  begin transaction
  [1m[36m (0.5ms)[0m  [1mCREATE TABLE "users" ("id" INTEGER PRIMARY KEY AUTOINCREMENT NOT NULL, "name" varchar(255), "email" varchar(255), "created_at" datetime NOT NULL, "updated_at" datetime NOT NULL) [0m
  [1m[35m (0.1ms)[0m  INSERT INTO "schema_migrations" ("version") VALUES ('20120628134304')
  [1m[36m (121.6ms)[0m  [1mcommit transaction[0m
Migrating to AddEmailUniquenessIndex (20120628135446)
  [1m[35m (0.1ms)[0m  begin transaction
  [1m[36m (0.0ms)[0m  [1mPRAGMA index_list("users")[0m
  [1m[35m (0.2ms)[0m  CREATE UNIQUE INDEX "index_users_on_email" ON "users" ("email")
  [1m[36m (0.1ms)[0m  [1mINSERT INTO "schema_migrations" ("version") VALUES ('20120628135446')[0m
  [1m[35m (132.9ms)[0m  commit transaction
Migrating to AddPasswordToUsers (20120628185145)
  [1m[36m (0.0ms)[0m  [1mbegin transaction[0m
  [1m[35m (0.2ms)[0m  ALTER TABLE "users" ADD "encrypted_password" varchar(255)
  [1m[36m (0.1ms)[0m  [1mINSERT INTO "schema_migrations" ("version") VALUES ('20120628185145')[0m
  [1m[35m (125.1ms)[0m  commit transaction
Migrating to AddSaltToUsers (20120628190808)
  [1m[36m (0.1ms)[0m  [1mbegin transaction[0m
  [1m[35m (0.2ms)[0m  ALTER TABLE "users" ADD "salt" varchar(255)
  [1m[36m (0.1ms)[0m  [1mINSERT INTO "schema_migrations" ("version") VALUES ('20120628190808')[0m
  [1m[35m (124.8ms)[0m  commit transaction
Migrating to CreateEmails (20120722180041)
  [1m[36m (0.0ms)[0m  [1mbegin transaction[0m
  [1m[35m (0.2ms)[0m  CREATE TABLE "emails" ("id" INTEGER PRIMARY KEY AUTOINCREMENT NOT NULL, "created_at" datetime NOT NULL, "updated_at" datetime NOT NULL) 
  [1m[36m (0.1ms)[0m  [1mINSERT INTO "schema_migrations" ("version") VALUES ('20120722180041')[0m
  [1m[35m (133.1ms)[0m  commit transaction
Migrating to CreateTasks (20120804155748)
  [1m[36m (0.0ms)[0m  [1mbegin transaction[0m
  [1m[35m (0.2ms)[0m  CREATE TABLE "tasks" ("id" INTEGER PRIMARY KEY AUTOINCREMENT NOT NULL, "content" varchar(255), "user_id" integer, "is_done" boolean, "created_at" datetime NOT NULL, "updated_at" datetime NOT NULL) 
  [1m[36m (0.1ms)[0m  [1mINSERT INTO "schema_migrations" ("version") VALUES ('20120804155748')[0m
  [1m[35m (134.3ms)[0m  commit transaction
  [1m[36m (0.2ms)[0m  [1mselect sqlite_version(*)[0m
  [1m[35m (0.1ms)[0m  SELECT "schema_migrations"."version" FROM "schema_migrations" 
  [1m[36m (0.0ms)[0m  [1mPRAGMA index_list("emails")[0m
  [1m[35m (0.0ms)[0m  PRAGMA index_list("tasks")
  [1m[36m (0.0ms)[0m  [1mPRAGMA index_list("users")[0m
  [1m[35m (0.0ms)[0m  PRAGMA index_info('index_users_on_email')
DEPRECATION WARNING: ActionDispatch::ShowExceptions.rescue_responses is deprecated. Please configure your exceptions using a railtie or in your application config instead. (called from setup_actioncontroller at /home/skarm/.rvm/gems/ruby-1.9.3-p194/gems/will_paginate-3.0.0/lib/will_paginate/railtie.rb:24)


Started GET "/users/1" for 127.0.0.1 at 2012-08-08 20:11:01 +0300
Connecting to database specified by database.yml

ActionController::RoutingError (No route matches [GET] "/users/1"):
  actionpack (3.2.7) lib/action_dispatch/middleware/debug_exceptions.rb:21:in `call'
  actionpack (3.2.7) lib/action_dispatch/middleware/show_exceptions.rb:56:in `call'
  railties (3.2.7) lib/rails/rack/logger.rb:26:in `call_app'
  railties (3.2.7) lib/rails/rack/logger.rb:16:in `call'
  actionpack (3.2.7) lib/action_dispatch/middleware/request_id.rb:22:in `call'
  rack (1.4.1) lib/rack/methodoverride.rb:21:in `call'
  rack (1.4.1) lib/rack/runtime.rb:17:in `call'
  activesupport (3.2.7) lib/active_support/cache/strategy/local_cache.rb:72:in `call'
  rack (1.4.1) lib/rack/lock.rb:15:in `call'
  actionpack (3.2.7) lib/action_dispatch/middleware/static.rb:62:in `call'
  railties (3.2.7) lib/rails/engine.rb:479:in `call'
  railties (3.2.7) lib/rails/application.rb:220:in `call'
  rack (1.4.1) lib/rack/content_length.rb:14:in `call'
  railties (3.2.7) lib/rails/rack/log_tailer.rb:17:in `call'
  rack (1.4.1) lib/rack/handler/webrick.rb:59:in `service'
  /home/skarm/.rvm/rubies/ruby-1.9.3-p194/lib/ruby/1.9.1/webrick/httpserver.rb:138:in `service'
  /home/skarm/.rvm/rubies/ruby-1.9.3-p194/lib/ruby/1.9.1/webrick/httpserver.rb:94:in `run'
  /home/skarm/.rvm/rubies/ruby-1.9.3-p194/lib/ruby/1.9.1/webrick/server.rb:191:in `block in start_thread'


  Rendered /home/skarm/.rvm/gems/ruby-1.9.3-p194@global/gems/actionpack-3.2.7/lib/action_dispatch/middleware/templates/rescues/routing_error.erb within rescues/layout (1.7ms)


Started GET "/assets/rails.png" for 127.0.0.1 at 2012-08-08 20:11:05 +0300
Served asset /rails.png - 200 OK (2ms)
DEPRECATION WARNING: ActionDispatch::ShowExceptions.rescue_responses is deprecated. Please configure your exceptions using a railtie or in your application config instead. (called from setup_actioncontroller at /home/skarm/.rvm/gems/ruby-1.9.3-p194/gems/will_paginate-3.0.0/lib/will_paginate/railtie.rb:24)


Started GET "/" for 127.0.0.1 at 2012-08-08 20:14:06 +0300
Connecting to database specified by database.yml
Processing by PagesController#home as HTML
  [1m[36mUser Load (0.1ms)[0m  [1mSELECT "users".* FROM "users" WHERE "users"."id" IS NULL LIMIT 1[0m
  [1m[35mCACHE (0.0ms)[0m  SELECT "users".* FROM "users" WHERE "users"."id" IS NULL LIMIT 1
  Rendered pages/home.html.erb within layouts/application (2.1ms)
Compiled custom.css  (0ms)  (pid 4080)
  Rendered layouts/_stylesheets.html.erb (6.9ms)
  [1m[36mCACHE (0.0ms)[0m  [1mSELECT "users".* FROM "users" WHERE "users"."id" IS NULL LIMIT 1[0m
  [1m[35mCACHE (0.0ms)[0m  SELECT "users".* FROM "users" WHERE "users"."id" IS NULL LIMIT 1
  Rendered layouts/_header.html.erb (1.7ms)
  Rendered layouts/_footer.html.erb (12.9ms)
Completed 200 OK in 85ms (Views: 53.8ms | ActiveRecord: 11.9ms)


Started GET "/assets/custom.css?body=1" for 127.0.0.1 at 2012-08-08 20:14:06 +0300
Served asset /custom.css - 200 OK (2ms)


Started GET "/assets/logo.png" for 127.0.0.1 at 2012-08-08 20:14:06 +0300
Served asset /logo.png - 200 OK (91ms)


Started GET "/signup" for 127.0.0.1 at 2012-08-08 20:14:08 +0300
Processing by UsersController#new as HTML
  Rendered users/new.html.erb within layouts/application (5.6ms)
Completed 500 Internal Server Error in 7ms

ActionView::Template::Error (undefined method `model_name' for NilClass:Class):
    1: <h1>Sign up</h1>
    2: 
    3: <%= form_for(@user) do |f| %>
    4:   <%= render 'shared/error_messages', :object => f.object %>
    5:   <div class="field">
    6:     <%= f.label :name %><br />
  app/views/users/new.html.erb:3:in `_app_views_users_new_html_erb___645830968__616001048'


  Rendered /home/skarm/.rvm/gems/ruby-1.9.3-p194@global/gems/actionpack-3.2.7/lib/action_dispatch/middleware/templates/rescues/_trace.erb (13.1ms)
  Rendered /home/skarm/.rvm/gems/ruby-1.9.3-p194@global/gems/actionpack-3.2.7/lib/action_dispatch/middleware/templates/rescues/_request_and_response.erb (0.7ms)
  Rendered /home/skarm/.rvm/gems/ruby-1.9.3-p194@global/gems/actionpack-3.2.7/lib/action_dispatch/middleware/templates/rescues/template_error.erb within rescues/layout (45.8ms)


Started GET "/signin" for 127.0.0.1 at 2012-08-08 20:14:17 +0300
Processing by SessionsController#new as HTML
  Rendered sessions/new.html.erb within layouts/application (56.6ms)
  Rendered layouts/_stylesheets.html.erb (0.4ms)
  [1m[36mUser Load (0.1ms)[0m  [1mSELECT "users".* FROM "users" WHERE "users"."id" IS NULL LIMIT 1[0m
  [1m[35mCACHE (0.0ms)[0m  SELECT "users".* FROM "users" WHERE "users"."id" IS NULL LIMIT 1
  Rendered layouts/_header.html.erb (1.2ms)
  Rendered layouts/_footer.html.erb (0.2ms)
Completed 200 OK in 62ms (Views: 61.9ms | ActiveRecord: 0.1ms)


Started GET "/assets/custom.css?body=1" for 127.0.0.1 at 2012-08-08 20:14:17 +0300
Served asset /custom.css - 304 Not Modified (0ms)


Started GET "/signup" for 127.0.0.1 at 2012-08-08 20:14:21 +0300
Processing by UsersController#new as HTML
  Rendered users/new.html.erb within layouts/application (0.4ms)
Completed 500 Internal Server Error in 1ms

ActionView::Template::Error (undefined method `model_name' for NilClass:Class):
    1: <h1>Sign up</h1>
    2: 
    3: <%= form_for(@user) do |f| %>
    4:   <%= render 'shared/error_messages', :object => f.object %>
    5:   <div class="field">
    6:     <%= f.label :name %><br />
  app/views/users/new.html.erb:3:in `_app_views_users_new_html_erb___645830968__616001048'


  Rendered /home/skarm/.rvm/gems/ruby-1.9.3-p194@global/gems/actionpack-3.2.7/lib/action_dispatch/middleware/templates/rescues/_trace.erb (2.6ms)
  Rendered /home/skarm/.rvm/gems/ruby-1.9.3-p194@global/gems/actionpack-3.2.7/lib/action_dispatch/middleware/templates/rescues/_request_and_response.erb (0.7ms)
  Rendered /home/skarm/.rvm/gems/ruby-1.9.3-p194@global/gems/actionpack-3.2.7/lib/action_dispatch/middleware/templates/rescues/template_error.erb within rescues/layout (7.6ms)
DEPRECATION WARNING: ActionDispatch::ShowExceptions.rescue_responses is deprecated. Please configure your exceptions using a railtie or in your application config instead. (called from setup_actioncontroller at /home/skarm/.rvm/gems/ruby-1.9.3-p194/gems/will_paginate-3.0.0/lib/will_paginate/railtie.rb:24)


Started GET "/" for 127.0.0.1 at 2012-08-08 20:32:34 +0300
Connecting to database specified by database.yml
Processing by PagesController#home as HTML
  [1m[36mUser Load (0.2ms)[0m  [1mSELECT "users".* FROM "users" WHERE "users"."id" IS NULL LIMIT 1[0m
  [1m[35mCACHE (0.0ms)[0m  SELECT "users".* FROM "users" WHERE "users"."id" IS NULL LIMIT 1
  Rendered pages/home.html.erb within layouts/application (2.2ms)
  Rendered layouts/_stylesheets.html.erb (2.3ms)
  [1m[36mCACHE (0.0ms)[0m  [1mSELECT "users".* FROM "users" WHERE "users"."id" IS NULL LIMIT 1[0m
  [1m[35mCACHE (0.0ms)[0m  SELECT "users".* FROM "users" WHERE "users"."id" IS NULL LIMIT 1
  Rendered layouts/_header.html.erb (1.5ms)
  Rendered layouts/_footer.html.erb (0.5ms)
Completed 200 OK in 45ms (Views: 27.0ms | ActiveRecord: 11.7ms)


Started GET "/assets/custom.css?body=1" for 127.0.0.1 at 2012-08-08 20:32:34 +0300
Served asset /custom.css - 304 Not Modified (1ms)


Started GET "/signup" for 127.0.0.1 at 2012-08-08 20:32:35 +0300
Processing by UsersController#new as HTML
  Rendered users/new.html.erb within layouts/application (14.6ms)
Completed 500 Internal Server Error in 16ms

ActionView::Template::Error (undefined method `model_name' for NilClass:Class):
    1: <h1>Sign up</h1>
    2: 
    3: <%= form_for(@user) do |f| %>
    4:   <%= render 'shared/error_messages', :object => f.object %>
    5:   <div class="field">
    6:     <%= f.label :name %><br />
  app/views/users/new.html.erb:3:in `_app_views_users_new_html_erb__133544522__618743718'


  Rendered /home/skarm/.rvm/gems/ruby-1.9.3-p194@global/gems/actionpack-3.2.7/lib/action_dispatch/middleware/templates/rescues/_trace.erb (2.5ms)
  Rendered /home/skarm/.rvm/gems/ruby-1.9.3-p194@global/gems/actionpack-3.2.7/lib/action_dispatch/middleware/templates/rescues/_request_and_response.erb (0.7ms)
  Rendered /home/skarm/.rvm/gems/ruby-1.9.3-p194@global/gems/actionpack-3.2.7/lib/action_dispatch/middleware/templates/rescues/template_error.erb within rescues/layout (7.4ms)


Started GET "/signup" for 127.0.0.1 at 2012-08-08 20:50:01 +0300
Processing by UsersController#create as HTML
  [1m[36m (0.0ms)[0m  [1mbegin transaction[0m
  [1m[35mUser Exists (0.1ms)[0m  SELECT 1 AS one FROM "users" WHERE "users"."email" IS NULL LIMIT 1
  [1m[36m (0.0ms)[0m  [1mrollback transaction[0m
  Rendered shared/_error_messages.html.erb (2.6ms)
  Rendered users/new.html.erb within layouts/application (4.6ms)
  Rendered layouts/_stylesheets.html.erb (0.6ms)
  [1m[35mUser Load (0.2ms)[0m  SELECT "users".* FROM "users" WHERE "users"."id" IS NULL LIMIT 1
  [1m[36mCACHE (0.0ms)[0m  [1mSELECT "users".* FROM "users" WHERE "users"."id" IS NULL LIMIT 1[0m
  Rendered layouts/_header.html.erb (2.5ms)
  Rendered layouts/_footer.html.erb (0.2ms)
Completed 200 OK in 55ms (Views: 10.5ms | ActiveRecord: 0.8ms)


Started GET "/assets/custom.css?body=1" for 127.0.0.1 at 2012-08-08 20:50:02 +0300
Served asset /custom.css - 304 Not Modified (0ms)


Started GET "/" for 127.0.0.1 at 2012-08-08 20:50:05 +0300
Processing by PagesController#home as HTML
  [1m[35mUser Load (0.1ms)[0m  SELECT "users".* FROM "users" WHERE "users"."id" IS NULL LIMIT 1
  [1m[36mCACHE (0.0ms)[0m  [1mSELECT "users".* FROM "users" WHERE "users"."id" IS NULL LIMIT 1[0m
  Rendered pages/home.html.erb within layouts/application (0.6ms)
  Rendered layouts/_stylesheets.html.erb (0.4ms)
  [1m[35mCACHE (0.0ms)[0m  SELECT "users".* FROM "users" WHERE "users"."id" IS NULL LIMIT 1
  [1m[36mCACHE (0.0ms)[0m  [1mSELECT "users".* FROM "users" WHERE "users"."id" IS NULL LIMIT 1[0m
  Rendered layouts/_header.html.erb (0.9ms)
  Rendered layouts/_footer.html.erb (0.2ms)
Completed 200 OK in 5ms (Views: 4.3ms | ActiveRecord: 0.1ms)


Started GET "/assets/custom.css?body=1" for 127.0.0.1 at 2012-08-08 20:50:05 +0300
Served asset /custom.css - 304 Not Modified (0ms)


Started GET "/signup" for 127.0.0.1 at 2012-08-08 20:50:06 +0300
Processing by UsersController#create as HTML
  [1m[35m (0.1ms)[0m  begin transaction
  [1m[36mUser Exists (0.1ms)[0m  [1mSELECT 1 AS one FROM "users" WHERE "users"."email" IS NULL LIMIT 1[0m
  [1m[35m (0.0ms)[0m  rollback transaction
  Rendered shared/_error_messages.html.erb (2.1ms)
  Rendered users/new.html.erb within layouts/application (3.9ms)
  Rendered layouts/_stylesheets.html.erb (0.5ms)
  [1m[36mUser Load (0.1ms)[0m  [1mSELECT "users".* FROM "users" WHERE "users"."id" IS NULL LIMIT 1[0m
  [1m[35mCACHE (0.0ms)[0m  SELECT "users".* FROM "users" WHERE "users"."id" IS NULL LIMIT 1
  Rendered layouts/_header.html.erb (0.9ms)
  Rendered layouts/_footer.html.erb (0.2ms)
Completed 200 OK in 10ms (Views: 7.4ms | ActiveRecord: 0.2ms)


Started GET "/assets/custom.css?body=1" for 127.0.0.1 at 2012-08-08 20:50:06 +0300
Served asset /custom.css - 304 Not Modified (0ms)


Started GET "/signup" for 127.0.0.1 at 2012-08-08 20:50:33 +0300
Processing by UsersController#new_test as HTML
  Rendered users/new_test.html.erb within layouts/application (1.0ms)
  Rendered layouts/_stylesheets.html.erb (0.4ms)
  [1m[36mUser Load (0.1ms)[0m  [1mSELECT "users".* FROM "users" WHERE "users"."id" IS NULL LIMIT 1[0m
  [1m[35mCACHE (0.0ms)[0m  SELECT "users".* FROM "users" WHERE "users"."id" IS NULL LIMIT 1
  Rendered layouts/_header.html.erb (2.0ms)
  Rendered layouts/_footer.html.erb (0.2ms)
Completed 200 OK in 6ms (Views: 5.6ms | ActiveRecord: 0.4ms)


Started GET "/assets/custom.css?body=1" for 127.0.0.1 at 2012-08-08 20:50:33 +0300
Served asset /custom.css - 304 Not Modified (0ms)
DEPRECATION WARNING: ActionDispatch::ShowExceptions.rescue_responses is deprecated. Please configure your exceptions using a railtie or in your application config instead. (called from setup_actioncontroller at /home/skarm/.rvm/gems/ruby-1.9.3-p194/gems/will_paginate-3.0.0/lib/will_paginate/railtie.rb:24)


Started GET "/signup" for 127.0.0.1 at 2012-08-08 21:09:43 +0300
Connecting to database specified by database.yml
Processing by UsersController#new_test as HTML
  Rendered users/new_test.html.erb within layouts/application (12.3ms)
  Rendered layouts/_stylesheets.html.erb (2.2ms)
  [1m[36mUser Load (0.1ms)[0m  [1mSELECT "users".* FROM "users" WHERE "users"."id" IS NULL LIMIT 1[0m
  [1m[35mCACHE (0.0ms)[0m  SELECT "users".* FROM "users" WHERE "users"."id" IS NULL LIMIT 1
  Rendered layouts/_header.html.erb (4.9ms)
  Rendered layouts/_footer.html.erb (0.5ms)
Completed 200 OK in 39ms (Views: 37.3ms | ActiveRecord: 1.2ms)


Started GET "/assets/custom.css?body=1" for 127.0.0.1 at 2012-08-08 21:09:43 +0300
Served asset /custom.css - 304 Not Modified (0ms)


Started POST "/signup" for 127.0.0.1 at 2012-08-08 21:09:54 +0300
Processing by UsersController#new_test as HTML
  Parameters: {"utf8"=>"✓", "authenticity_token"=>"pYxf0sBy/BUS+d+5DUAbKWk6+lIJZWIDsTlSAi3B+Yg=", "email"=>"skarm61@gmail.com", "commit"=>"Sign up"}
  Rendered register/start_reg_email.html.erb (0.2ms)

Sent mail to skarm61@gmail.com (1757ms)
Date: Wed, 08 Aug 2012 21:09:54 +0300
From: notifications@example.com
To: skarm61@gmail.com
Message-ID: <5022ab72bb1cb_135e24e52eac7263e@Skarm.mail>
Subject: Welcome to My Awesome Site
Mime-Version: 1.0
Content-Type: text/html;
 charset=UTF-8
Content-Transfer-Encoding: 7bit

<!DOCTYPE html>
<html lang="en">
  <head>
	  <meta http-equiv="Content-Type" content="text/html; charset=utf-8">
  </head>
  <body>
  <h1>Welcom to TODO-list app!</h1>
  <p>For continue registing, pleas click:</p>
  </body>
</html>
Redirected to http://0.0.0.0:3000/
Completed 302 Found in 2270ms (ActiveRecord: 0.0ms)


Started GET "/" for 127.0.0.1 at 2012-08-08 21:09:56 +0300
Processing by PagesController#home as HTML
  [1m[36mUser Load (0.2ms)[0m  [1mSELECT "users".* FROM "users" WHERE "users"."id" IS NULL LIMIT 1[0m
  [1m[35mCACHE (0.0ms)[0m  SELECT "users".* FROM "users" WHERE "users"."id" IS NULL LIMIT 1
  Rendered pages/home.html.erb within layouts/application (1.8ms)
  Rendered layouts/_stylesheets.html.erb (0.5ms)
  [1m[36mCACHE (0.0ms)[0m  [1mSELECT "users".* FROM "users" WHERE "users"."id" IS NULL LIMIT 1[0m
  [1m[35mCACHE (0.0ms)[0m  SELECT "users".* FROM "users" WHERE "users"."id" IS NULL LIMIT 1
  Rendered layouts/_header.html.erb (0.9ms)
  Rendered layouts/_footer.html.erb (0.2ms)
Completed 200 OK in 9ms (Views: 7.2ms | ActiveRecord: 0.2ms)


Started GET "/assets/custom.css?body=1" for 127.0.0.1 at 2012-08-08 21:09:56 +0300
Served asset /custom.css - 304 Not Modified (0ms)
DEPRECATION WARNING: ActionDispatch::ShowExceptions.rescue_responses is deprecated. Please configure your exceptions using a railtie or in your application config instead. (called from setup_actioncontroller at /home/skarm/.rvm/gems/ruby-1.9.3-p194/gems/will_paginate-3.0.0/lib/will_paginate/railtie.rb:24)


Started GET "/signup" for 127.0.0.1 at 2012-08-08 21:14:04 +0300
Connecting to database specified by database.yml
Processing by UsersController#new_test as HTML
  Rendered users/new_test.html.erb within layouts/application (12.9ms)
  Rendered layouts/_stylesheets.html.erb (2.4ms)
  [1m[36mUser Load (0.1ms)[0m  [1mSELECT "users".* FROM "users" WHERE "users"."id" IS NULL LIMIT 1[0m
  [1m[35mCACHE (0.0ms)[0m  SELECT "users".* FROM "users" WHERE "users"."id" IS NULL LIMIT 1
  Rendered layouts/_header.html.erb (5.0ms)
  Rendered layouts/_footer.html.erb (0.5ms)
Completed 200 OK in 41ms (Views: 39.2ms | ActiveRecord: 1.3ms)


Started GET "/assets/custom.css?body=1" for 127.0.0.1 at 2012-08-08 21:14:04 +0300
Served asset /custom.css - 304 Not Modified (0ms)


Started POST "/signup" for 127.0.0.1 at 2012-08-08 21:14:07 +0300
Processing by UsersController#new_test as HTML
  Parameters: {"utf8"=>"✓", "authenticity_token"=>"pYxf0sBy/BUS+d+5DUAbKWk6+lIJZWIDsTlSAi3B+Yg=", "email"=>"skarm61@gmail.com", "commit"=>"Sign up"}
  Rendered register/start_reg_email.html.erb (0.2ms)

Sent mail to skarm61@gmail.com (1504ms)
Date: Wed, 08 Aug 2012 21:14:08 +0300
From: notifications@example.com
To: skarm61@gmail.com
Message-ID: <5022ac702461f_13be24b02748406ea@Skarm.mail>
Subject: Welcome to My Awesome Site
Mime-Version: 1.0
Content-Type: text/html;
 charset=UTF-8
Content-Transfer-Encoding: 7bit

<!DOCTYPE html>
<html lang="en">
  <head>
	  <meta http-equiv="Content-Type" content="text/html; charset=utf-8">
  </head>
  <body>
  <h1>Welcom to TODO-list app!</h1>
  <p>For continue registing, pleas click:</p>
  </body>
</html>
Redirected to http://0.0.0.0:3000/
Completed 302 Found in 1774ms (ActiveRecord: 0.0ms)


Started GET "/" for 127.0.0.1 at 2012-08-08 21:14:09 +0300
Processing by PagesController#home as HTML
  [1m[36mUser Load (0.1ms)[0m  [1mSELECT "users".* FROM "users" WHERE "users"."id" IS NULL LIMIT 1[0m
  [1m[35mCACHE (0.0ms)[0m  SELECT "users".* FROM "users" WHERE "users"."id" IS NULL LIMIT 1
  Rendered pages/home.html.erb within layouts/application (1.4ms)
  Rendered layouts/_stylesheets.html.erb (0.6ms)
  [1m[36mCACHE (0.0ms)[0m  [1mSELECT "users".* FROM "users" WHERE "users"."id" IS NULL LIMIT 1[0m
  [1m[35mCACHE (0.0ms)[0m  SELECT "users".* FROM "users" WHERE "users"."id" IS NULL LIMIT 1
  Rendered layouts/_header.html.erb (1.0ms)
  Rendered layouts/_footer.html.erb (0.2ms)
Completed 200 OK in 7ms (Views: 6.3ms | ActiveRecord: 0.1ms)


Started GET "/assets/custom.css?body=1" for 127.0.0.1 at 2012-08-08 21:14:09 +0300
Served asset /custom.css - 304 Not Modified (0ms)
